<?xml version="1.0" encoding="UTF-8"?>
<!-- Generated by org.testng.reporters.JUnitReportReporter -->
<testsuite skipped="0" hostname="Itexicos-MacBook-Pro.local" name="com.Samples.SampleWebTest" tests="1" failures="0" timestamp="26 Aug 2019 17:52:45 GMT" time="6.080" errors="0">
  <testcase name="SimpleChromeTest2" time="6.080" classname="com.Samples.SampleWebTest"/>
</testsuite> <!-- com.Samples.SampleWebTest -->
